#
# There is insufficient memory for the Java Runtime Environment to continue.
# Native memory allocation (malloc) failed to allocate 32744 bytes for ChunkPool::allocate
# Possible reasons:
#   The system is out of physical RAM or swap space
#   The process is running with CompressedOops enabled, and the Java Heap may be blocking the growth of the native heap
# Possible solutions:
#   Reduce memory load on the system
#   Increase physical memory or swap space
#   Check if swap backing store is full
#   Decrease Java heap size (-Xmx/-Xms)
#   Decrease number of Java threads
#   Decrease Java thread stack sizes (-Xss)
#   Set larger code cache with -XX:ReservedCodeCacheSize=
#   JVM is running with Unscaled Compressed Oops mode in which the Java heap is
#     placed in the first 4GB address space. The Java Heap base address is the
#     maximum limit for the native heap growth. Please use -XX:HeapBaseMinAddress
#     to set the Java Heap base and to place the Java Heap above 4GB virtual address.
# This output file may be truncated or incomplete.
#
#  Out of Memory Error (allocation.cpp:272), pid=7056, tid=0x0000000000002abc
#
# JRE version: Java(TM) SE Runtime Environment (8.0_291-b10) (build 1.8.0_291-b10)
# Java VM: Java HotSpot(TM) 64-Bit Server VM (25.291-b10 mixed mode windows-amd64 compressed oops)
# Failed to write core dump. Minidumps are not enabled by default on client versions of Windows
#

---------------  T H R E A D  ---------------

Current thread (0x00000293fb1f8800):  JavaThread "C1 CompilerThread3" daemon [_thread_in_native, id=10940, stack(0x000000f366500000,0x000000f366600000)]

Stack: [0x000000f366500000,0x000000f366600000]
Native frames: (J=compiled Java code, j=interpreted, Vv=VM code, C=native code)
V  [jvm.dll+0x32ea19]
V  [jvm.dll+0x275462]
V  [jvm.dll+0x27610d]
V  [jvm.dll+0x26cb45]
V  [jvm.dll+0xd56ed]
V  [jvm.dll+0xd5a4c]
V  [jvm.dll+0x3dfdd6]
V  [jvm.dll+0x40553b]
V  [jvm.dll+0x2af81e]
V  [jvm.dll+0x4066a2]
V  [jvm.dll+0x3e0781]
V  [jvm.dll+0x3e02f8]
V  [jvm.dll+0x3e048e]
V  [jvm.dll+0x3dfbe1]
V  [jvm.dll+0x3e161f]
V  [jvm.dll+0xabeeb]
V  [jvm.dll+0xaa54b]
V  [jvm.dll+0x23db02]
V  [jvm.dll+0x29210c]
C  [ucrtbase.dll+0x29363]
C  [KERNEL32.DLL+0x1244d]
C  [ntdll.dll+0x5dfb8]


Current CompileTask:
C1:  13996 6731   !   1       com.sun.org.apache.xerces.internal.impl.XMLDocumentFragmentScannerImpl$FragmentContentDriver::next (2405 bytes)


---------------  P R O C E S S  ---------------

Java Threads: ( => current thread )
  0x00000293ff6f3000 JavaThread "Druid-ConnectionPool-Destroy-658135690" daemon [_thread_blocked, id=13688, stack(0x000000f366f00000,0x000000f367000000)]
  0x00000293ff6f2000 JavaThread "Druid-ConnectionPool-Create-658135690" daemon [_thread_blocked, id=3664, stack(0x000000f366e00000,0x000000f366f00000)]
  0x00000293ff6f8000 JavaThread "mysql-cj-abandoned-connection-cleanup" daemon [_thread_blocked, id=12084, stack(0x000000f366d00000,0x000000f366e00000)]
  0x00000293ff6ea800 JavaThread "container-0" [_thread_blocked, id=1740, stack(0x000000f366c00000,0x000000f366d00000)]
  0x00000293ff6f1800 JavaThread "Catalina-utility-2" [_thread_blocked, id=3560, stack(0x000000f366a00000,0x000000f366b00000)]
  0x00000293ff6ef000 JavaThread "Catalina-utility-1" [_thread_blocked, id=7728, stack(0x000000f365e00000,0x000000f365f00000)]
  0x00000293faf50800 JavaThread "RMI Scheduler(0)" daemon [_thread_blocked, id=6596, stack(0x000000f366b00000,0x000000f366c00000)]
  0x00000293faf47800 JavaThread "RMI TCP Connection(1)-192.168.31.187" daemon [_thread_in_native, id=18832, stack(0x000000f366900000,0x000000f366a00000)]
  0x00000293faf46000 JavaThread "RMI TCP Accept-0" daemon [_thread_in_native, id=12616, stack(0x000000f366700000,0x000000f366800000)]
  0x00000293faf4d000 JavaThread "Service Thread" daemon [_thread_blocked, id=7464, stack(0x000000f366600000,0x000000f366700000)]
=>0x00000293fb1f8800 JavaThread "C1 CompilerThread3" daemon [_thread_in_native, id=10940, stack(0x000000f366500000,0x000000f366600000)]
  0x00000293fb1f7800 JavaThread "C2 CompilerThread2" daemon [_thread_blocked, id=16216, stack(0x000000f366400000,0x000000f366500000)]
  0x00000293fb1f7000 JavaThread "C2 CompilerThread1" daemon [_thread_blocked, id=8540, stack(0x000000f366300000,0x000000f366400000)]
  0x00000293fb1f6000 JavaThread "C2 CompilerThread0" daemon [_thread_blocked, id=12596, stack(0x000000f366200000,0x000000f366300000)]
  0x00000293faf4c000 JavaThread "Monitor Ctrl-Break" daemon [_thread_in_native, id=14748, stack(0x000000f365200000,0x000000f365300000)]
  0x00000293faf49000 JavaThread "rebel-messaging-executor-48" daemon [_thread_blocked, id=2948, stack(0x000000f366100000,0x000000f366200000)]
  0x00000293faf4b800 JavaThread "rebel-IDENotificationsImpl-PostCycle" daemon [_thread_blocked, id=15628, stack(0x000000f365f00000,0x000000f366000000)]
  0x00000293faf44800 JavaThread "rebel-build-info" daemon [_thread_in_native, id=596, stack(0x000000f365d00000,0x000000f365e00000)]
  0x00000293faf4a000 JavaThread "rebel-change-detector-thread" daemon [_thread_blocked, id=11780, stack(0x000000f365c00000,0x000000f365d00000)]
  0x00000293faf4a800 JavaThread "rebel-debugger-thread" daemon [_thread_blocked, id=15340, stack(0x000000f365600000,0x000000f365700000)]
  0x00000293face2800 JavaThread "rebel-debugger-attach-notifier" daemon [_thread_blocked, id=2912, stack(0x000000f365500000,0x000000f365600000)]
  0x00000293face3000 JavaThread "rebel-heartbeat-thread" daemon [_thread_blocked, id=18652, stack(0x000000f365400000,0x000000f365500000)]
  0x00000293face1800 JavaThread "rebel-redeploy-thread" daemon [_thread_blocked, id=11724, stack(0x000000f365300000,0x000000f365400000)]
  0x00000293face4800 JavaThread "rebel-leaseManager-1" daemon [_thread_blocked, id=8948, stack(0x000000f365100000,0x000000f365200000)]
  0x00000293face7800 JavaThread "rebel-weak-reaper" daemon [_thread_blocked, id=12516, stack(0x000000f365000000,0x000000f365100000)]
  0x00000293face8800 JavaThread "rebel-cache-writer" daemon [_thread_blocked, id=9248, stack(0x000000f364f00000,0x000000f365000000)]
  0x00000293face4000 JavaThread "rebel-fsnotify-OutputReader" daemon [_thread_in_native, id=4976, stack(0x000000f365b00000,0x000000f365c00000)]
  0x00000293face7000 JavaThread "rebel-fsnotify-OutputReader" daemon [_thread_in_native, id=12260, stack(0x000000f365a00000,0x000000f365b00000)]
  0x00000293face5800 JavaThread "rebel-fsnotify-ShutdownOnTermination" daemon [_thread_in_native, id=10620, stack(0x000000f365900000,0x000000f365a00000)]
  0x00000293f9c70000 JavaThread "rebel-CacheKeepAlive" daemon [_thread_blocked, id=10456, stack(0x000000f365800000,0x000000f365900000)]
  0x00000293f9c6f000 JavaThread "rebel-logger" daemon [_thread_blocked, id=3188, stack(0x000000f365700000,0x000000f365800000)]
  0x00000293f97b8800 JavaThread "Attach Listener" daemon [_thread_blocked, id=14928, stack(0x000000f364e00000,0x000000f364f00000)]
  0x00000293f79d4800 JavaThread "Signal Dispatcher" daemon [_thread_blocked, id=16280, stack(0x000000f364d00000,0x000000f364e00000)]
  0x00000293f08d9800 JavaThread "Finalizer" daemon [_thread_blocked, id=18204, stack(0x000000f364c00000,0x000000f364d00000)]
  0x00000293f799a000 JavaThread "Reference Handler" daemon [_thread_blocked, id=12184, stack(0x000000f364b00000,0x000000f364c00000)]
  0x00000293f083b000 JavaThread "main" [_thread_in_Java, id=10696, stack(0x000000f364100000,0x000000f364200000)]

Other Threads:
  0x00000293f7995800 VMThread [stack: 0x000000f364a00000,0x000000f364b00000] [id=16732]
  0x00000293fb5a3800 WatcherThread [stack: 0x000000f366800000,0x000000f366900000] [id=10508]

VM state:not at safepoint (normal execution)

VM Mutex/Monitor currently owned by a thread: None

heap address: 0x0000000083a00000, size: 1990 MB, Compressed Oops mode: 32-bit
Narrow klass base: 0x0000000000000000, Narrow klass shift: 3
Compressed class space size: 1073741824 Address: 0x0000000100000000

Heap:
 PSYoungGen      total 88576K, used 32598K [0x00000000d6900000, 0x00000000dcf80000, 0x0000000100000000)
  eden space 77312K, 42% used [0x00000000d6900000,0x00000000d88d5948,0x00000000db480000)
  from space 11264K, 0% used [0x00000000dc100000,0x00000000dc100000,0x00000000dcc00000)
  to   space 12800K, 0% used [0x00000000db480000,0x00000000db480000,0x00000000dc100000)
 ParOldGen       total 100864K, used 26968K [0x0000000083a00000, 0x0000000089c80000, 0x00000000d6900000)
  object space 100864K, 26% used [0x0000000083a00000,0x0000000085456270,0x0000000089c80000)
 Metaspace       used 59793K, capacity 62944K, committed 62976K, reserved 1103872K
  class space    used 7583K, capacity 8173K, committed 8192K, reserved 1048576K

Card table byte_map: [0x00000293f2630000,0x00000293f2a20000] byte_map_base: 0x00000293f2213000

Marking Bits: (ParMarkBitMap*) 0x000000006b0c7fe0
 Begin Bits: [0x00000293f2cc0000, 0x00000293f4bd8000)
 End Bits:   [0x00000293f4bd8000, 0x00000293f6af0000)

Polling page: 0x00000293f0a60000

CodeCache: size=245760Kb used=11661Kb max_used=11661Kb free=234099Kb
 bounds [0x0000029380000000, 0x0000029380b70000, 0x000002938f000000]
 total_blobs=7275 nmethods=6730 adapters=457
 compilation: enabled

Compilation events (10 events):
Event: 13.948 Thread 0x00000293fb1f8800 nmethod 6726 0x0000029380b621d0 code [0x0000029380b62360, 0x0000029380b625a0]
Event: 13.948 Thread 0x00000293fb1f8800 6727       1       sun.misc.URLClassPath$2::_jr$ig$val$check (8 bytes)
Event: 13.948 Thread 0x00000293fb1f8800 nmethod 6727 0x0000029380b62810 code [0x0000029380b62960, 0x0000029380b62a98]
Event: 13.948 Thread 0x00000293fb1f8800 6728       1       com.sun.org.apache.xerces.internal.parsers.XMLParser::_jr$ig$fConfiguration (8 bytes)
Event: 13.948 Thread 0x00000293fb1f8800 nmethod 6728 0x0000029380b62b50 code [0x0000029380b62ca0, 0x0000029380b62dd8]
Event: 13.949 Thread 0x00000293fb1f8800 6730       1       com.sun.org.apache.xerces.internal.util.XMLChar::isNameStart (22 bytes)
Event: 13.949 Thread 0x00000293fb1f8800 nmethod 6730 0x0000029380b62e90 code [0x0000029380b62fe0, 0x0000029380b63138]
Event: 13.949 Thread 0x00000293fb1f8800 6729       1       com.sun.org.apache.xerces.internal.impl.XMLDocumentFragmentScannerImpl::_jr$ip$fEmptyElement (9 bytes)
Event: 13.949 Thread 0x00000293fb1f8800 nmethod 6729 0x0000029380b63210 code [0x0000029380b63360, 0x0000029380b63498]
Event: 13.949 Thread 0x00000293fb1f8800 6731   !   1       com.sun.org.apache.xerces.internal.impl.XMLDocumentFragmentScannerImpl$FragmentContentDriver::next (2405 bytes)

GC Heap History (10 events):
Event: 11.423 GC heap before
{Heap before GC invocations=13 (full 2):
 PSYoungGen      total 71168K, used 68047K [0x00000000d6900000, 0x00000000db900000, 0x0000000100000000)
  eden space 61440K, 100% used [0x00000000d6900000,0x00000000da500000,0x00000000da500000)
  from space 9728K, 67% used [0x00000000daf80000,0x00000000db5f3fa8,0x00000000db900000)
  to   space 10240K, 0% used [0x00000000da500000,0x00000000da500000,0x00000000daf00000)
 ParOldGen       total 100864K, used 16607K [0x0000000083a00000, 0x0000000089c80000, 0x00000000d6900000)
  object space 100864K, 16% used [0x0000000083a00000,0x0000000084a37c48,0x0000000089c80000)
 Metaspace       used 47036K, capacity 49338K, committed 49664K, reserved 1091584K
  class space    used 6107K, capacity 6584K, committed 6656K, reserved 1048576K
Event: 11.432 GC heap after
Heap after GC invocations=13 (full 2):
 PSYoungGen      total 71680K, used 9067K [0x00000000d6900000, 0x00000000dcc00000, 0x0000000100000000)
  eden space 61440K, 0% used [0x00000000d6900000,0x00000000d6900000,0x00000000da500000)
  from space 10240K, 88% used [0x00000000da500000,0x00000000daddad28,0x00000000daf00000)
  to   space 11264K, 0% used [0x00000000dc100000,0x00000000dc100000,0x00000000dcc00000)
 ParOldGen       total 100864K, used 16615K [0x0000000083a00000, 0x0000000089c80000, 0x00000000d6900000)
  object space 100864K, 16% used [0x0000000083a00000,0x0000000084a39c48,0x0000000089c80000)
 Metaspace       used 47036K, capacity 49338K, committed 49664K, reserved 1091584K
  class space    used 6107K, capacity 6584K, committed 6656K, reserved 1048576K
}
Event: 12.199 GC heap before
{Heap before GC invocations=14 (full 2):
 PSYoungGen      total 71680K, used 70507K [0x00000000d6900000, 0x00000000dcc00000, 0x0000000100000000)
  eden space 61440K, 100% used [0x00000000d6900000,0x00000000da500000,0x00000000da500000)
  from space 10240K, 88% used [0x00000000da500000,0x00000000daddad28,0x00000000daf00000)
  to   space 11264K, 0% used [0x00000000dc100000,0x00000000dc100000,0x00000000dcc00000)
 ParOldGen       total 100864K, used 16615K [0x0000000083a00000, 0x0000000089c80000, 0x00000000d6900000)
  object space 100864K, 16% used [0x0000000083a00000,0x0000000084a39c48,0x0000000089c80000)
 Metaspace       used 51480K, capacity 54288K, committed 54656K, reserved 1097728K
  class space    used 6636K, capacity 7171K, committed 7296K, reserved 1048576K
Event: 12.211 GC heap after
Heap after GC invocations=14 (full 2):
 PSYoungGen      total 88576K, used 11254K [0x00000000d6900000, 0x00000000dcf80000, 0x0000000100000000)
  eden space 77312K, 0% used [0x00000000d6900000,0x00000000d6900000,0x00000000db480000)
  from space 11264K, 99% used [0x00000000dc100000,0x00000000dcbfd820,0x00000000dcc00000)
  to   space 12800K, 0% used [0x00000000db480000,0x00000000db480000,0x00000000dc100000)
 ParOldGen       total 100864K, used 16888K [0x0000000083a00000, 0x0000000089c80000, 0x00000000d6900000)
  object space 100864K, 16% used [0x0000000083a00000,0x0000000084a7e0a8,0x0000000089c80000)
 Metaspace       used 51480K, capacity 54288K, committed 54656K, reserved 1097728K
  class space    used 6636K, capacity 7171K, committed 7296K, reserved 1048576K
}
Event: 12.776 GC heap before
{Heap before GC invocations=15 (full 2):
 PSYoungGen      total 88576K, used 88566K [0x00000000d6900000, 0x00000000dcf80000, 0x0000000100000000)
  eden space 77312K, 100% used [0x00000000d6900000,0x00000000db480000,0x00000000db480000)
  from space 11264K, 99% used [0x00000000dc100000,0x00000000dcbfd820,0x00000000dcc00000)
  to   space 12800K, 0% used [0x00000000db480000,0x00000000db480000,0x00000000dc100000)
 ParOldGen       total 100864K, used 16888K [0x0000000083a00000, 0x0000000089c80000, 0x00000000d6900000)
  object space 100864K, 16% used [0x0000000083a00000,0x0000000084a7e0a8,0x0000000089c80000)
 Metaspace       used 55006K, capacity 57972K, committed 58112K, reserved 1099776K
  class space    used 7037K, capacity 7615K, committed 7680K, reserved 1048576K
Event: 12.787 GC heap after
Heap after GC invocations=15 (full 2):
 PSYoungGen      total 90112K, used 12780K [0x00000000d6900000, 0x00000000dcf80000, 0x0000000100000000)
  eden space 77312K, 0% used [0x00000000d6900000,0x00000000d6900000,0x00000000db480000)
  from space 12800K, 99% used [0x00000000db480000,0x00000000dc0fb300,0x00000000dc100000)
  to   space 11264K, 0% used [0x00000000dc100000,0x00000000dc100000,0x00000000dcc00000)
 ParOldGen       total 100864K, used 17802K [0x0000000083a00000, 0x0000000089c80000, 0x00000000d6900000)
  object space 100864K, 17% used [0x0000000083a00000,0x0000000084b62918,0x0000000089c80000)
 Metaspace       used 55006K, capacity 57972K, committed 58112K, reserved 1099776K
  class space    used 7037K, capacity 7615K, committed 7680K, reserved 1048576K
}
Event: 13.489 GC heap before
{Heap before GC invocations=16 (full 2):
 PSYoungGen      total 90112K, used 32633K [0x00000000d6900000, 0x00000000dcf80000, 0x0000000100000000)
  eden space 77312K, 25% used [0x00000000d6900000,0x00000000d7c63268,0x00000000db480000)
  from space 12800K, 99% used [0x00000000db480000,0x00000000dc0fb300,0x00000000dc100000)
  to   space 11264K, 0% used [0x00000000dc100000,0x00000000dc100000,0x00000000dcc00000)
 ParOldGen       total 100864K, used 17802K [0x0000000083a00000, 0x0000000089c80000, 0x00000000d6900000)
  object space 100864K, 17% used [0x0000000083a00000,0x0000000084b62918,0x0000000089c80000)
 Metaspace       used 56121K, capacity 59078K, committed 59136K, reserved 1101824K
  class space    used 7136K, capacity 7670K, committed 7680K, reserved 1048576K
Event: 13.497 GC heap after
Heap after GC invocations=16 (full 2):
 PSYoungGen      total 88576K, used 11260K [0x00000000d6900000, 0x00000000dcf80000, 0x0000000100000000)
  eden space 77312K, 0% used [0x00000000d6900000,0x00000000d6900000,0x00000000db480000)
  from space 11264K, 99% used [0x00000000dc100000,0x00000000dcbff2a8,0x00000000dcc00000)
  to   space 12800K, 0% used [0x00000000db480000,0x00000000db480000,0x00000000dc100000)
 ParOldGen       total 100864K, used 18805K [0x0000000083a00000, 0x0000000089c80000, 0x00000000d6900000)
  object space 100864K, 18% used [0x0000000083a00000,0x0000000084c5d560,0x0000000089c80000)
 Metaspace       used 56121K, capacity 59078K, committed 59136K, reserved 1101824K
  class space    used 7136K, capacity 7670K, committed 7680K, reserved 1048576K
}
Event: 13.497 GC heap before
{Heap before GC invocations=17 (full 3):
 PSYoungGen      total 88576K, used 11260K [0x00000000d6900000, 0x00000000dcf80000, 0x0000000100000000)
  eden space 77312K, 0% used [0x00000000d6900000,0x00000000d6900000,0x00000000db480000)
  from space 11264K, 99% used [0x00000000dc100000,0x00000000dcbff2a8,0x00000000dcc00000)
  to   space 12800K, 0% used [0x00000000db480000,0x00000000db480000,0x00000000dc100000)
 ParOldGen       total 100864K, used 18805K [0x0000000083a00000, 0x0000000089c80000, 0x00000000d6900000)
  object space 100864K, 18% used [0x0000000083a00000,0x0000000084c5d560,0x0000000089c80000)
 Metaspace       used 56121K, capacity 59078K, committed 59136K, reserved 1101824K
  class space    used 7136K, capacity 7670K, committed 7680K, reserved 1048576K
Event: 13.657 GC heap after
Heap after GC invocations=17 (full 3):
 PSYoungGen      total 88576K, used 0K [0x00000000d6900000, 0x00000000dcf80000, 0x0000000100000000)
  eden space 77312K, 0% used [0x00000000d6900000,0x00000000d6900000,0x00000000db480000)
  from space 11264K, 0% used [0x00000000dc100000,0x00000000dc100000,0x00000000dcc00000)
  to   space 12800K, 0% used [0x00000000db480000,0x00000000db480000,0x00000000dc100000)
 ParOldGen       total 100864K, used 26968K [0x0000000083a00000, 0x0000000089c80000, 0x00000000d6900000)
  object space 100864K, 26% used [0x0000000083a00000,0x0000000085456270,0x0000000089c80000)
 Metaspace       used 56121K, capacity 59078K, committed 59136K, reserved 1101824K
  class space    used 7136K, capacity 7670K, committed 7680K, reserved 1048576K
}

Deoptimization events (0 events):
No events

Classes redefined (8 events):
Event: 3.241 Thread 0x00000293f7995800 redefined class name=com.zeroturnaround.jrebelbase.facade.ay, count=1
Event: 3.244 Thread 0x00000293f7995800 redefined class name=com.zeroturnaround.jrebelbase.facade.as, count=1
Event: 3.246 Thread 0x00000293f7995800 redefined class name=com.zeroturnaround.jrebelbase.facade.a, count=1
Event: 3.249 Thread 0x00000293f7995800 redefined class name=com.zeroturnaround.jrebelbase.d, count=1
Event: 3.252 Thread 0x00000293f7995800 redefined class name=com.zeroturnaround.jrebelbase.facade.f, count=1
Event: 3.254 Thread 0x00000293f7995800 redefined class name=com.zeroturnaround.jrebelbase.facade.e, count=1
Event: 3.257 Thread 0x00000293f7995800 redefined class name=com.zeroturnaround.jrebelbase.facade.g, count=1
Event: 3.259 Thread 0x00000293f7995800 redefined class name=com.zeroturnaround.jrebelbase.facade.ad, count=1

Internal exceptions (10 events):
Event: 12.773 Thread 0x00000293f083b000 Exception <a 'java/lang/ArrayIndexOutOfBoundsException'> (0x00000000db276320) thrown at [C:\jenkins\workspace\8-2-build-windows-amd64-cygwin\jdk8u291\1294\hotspot\src\share\vm\runtime\sharedRuntime.cpp, line 609]
Event: 12.774 Thread 0x00000293f083b000 Exception <a 'java/lang/ArrayIndexOutOfBoundsException'> (0x00000000db32e970) thrown at [C:\jenkins\workspace\8-2-build-windows-amd64-cygwin\jdk8u291\1294\hotspot\src\share\vm\runtime\sharedRuntime.cpp, line 609]
Event: 12.797 Thread 0x00000293f083b000 Exception <a 'java/lang/ArrayIndexOutOfBoundsException'> (0x00000000d6b200d0) thrown at [C:\jenkins\workspace\8-2-build-windows-amd64-cygwin\jdk8u291\1294\hotspot\src\share\vm\runtime\sharedRuntime.cpp, line 609]
Event: 12.872 Thread 0x00000293f083b000 Exception <a 'java/lang/ArrayIndexOutOfBoundsException'> (0x00000000d74db578) thrown at [C:\jenkins\workspace\8-2-build-windows-amd64-cygwin\jdk8u291\1294\hotspot\src\share\vm\runtime\sharedRuntime.cpp, line 609]
Event: 13.196 Thread 0x00000293faf47800 Exception <a 'java/lang/reflect/InvocationTargetException'> (0x00000000d798de20) thrown at [C:\jenkins\workspace\8-2-build-windows-amd64-cygwin\jdk8u291\1294\hotspot\src\share\vm\runtime\reflection.cpp, line 1092]
Event: 13.476 Thread 0x00000293f083b000 Exception <a 'java/lang/ArrayIndexOutOfBoundsException'> (0x00000000d7945da0) thrown at [C:\jenkins\workspace\8-2-build-windows-amd64-cygwin\jdk8u291\1294\hotspot\src\share\vm\runtime\sharedRuntime.cpp, line 609]
Event: 13.476 Thread 0x00000293f083b000 Exception <a 'java/lang/ArrayIndexOutOfBoundsException'> (0x00000000d7946df8) thrown at [C:\jenkins\workspace\8-2-build-windows-amd64-cygwin\jdk8u291\1294\hotspot\src\share\vm\runtime\sharedRuntime.cpp, line 609]
Event: 13.677 Thread 0x00000293f083b000 Exception <a 'java/lang/ArrayIndexOutOfBoundsException'> (0x00000000d6b3c840) thrown at [C:\jenkins\workspace\8-2-build-windows-amd64-cygwin\jdk8u291\1294\hotspot\src\share\vm\runtime\sharedRuntime.cpp, line 609]
Event: 13.707 Thread 0x00000293faf47800 Exception <a 'java/lang/reflect/InvocationTargetException'> (0x00000000d6f34ce0) thrown at [C:\jenkins\workspace\8-2-build-windows-amd64-cygwin\jdk8u291\1294\hotspot\src\share\vm\runtime\reflection.cpp, line 1092]
Event: 13.707 Thread 0x00000293f083b000 Exception <a 'java/lang/ArrayIndexOutOfBoundsException'> (0x00000000d6e09008) thrown at [C:\jenkins\workspace\8-2-build-windows-amd64-cygwin\jdk8u291\1294\hotspot\src\share\vm\runtime\sharedRuntime.cpp, line 609]

Events (10 events):
Event: 13.921 loading class org/apache/ibatis/scripting/xmltags/DynamicContext
Event: 13.921 loading class org/apache/ibatis/scripting/xmltags/DynamicContext done
Event: 13.924 loading class com/baomidou/mybatisplus/core/metadata/TableFieldInfo
Event: 13.924 loading class com/baomidou/mybatisplus/core/metadata/TableFieldInfo done
Event: 13.924 loading class com/baomidou/mybatisplus/core/metadata/TableInfo
Event: 13.924 loading class com/baomidou/mybatisplus/core/metadata/TableInfo done
Event: 13.924 loading class com/baomidou/mybatisplus/core/metadata/TableFieldInfo
Event: 13.924 loading class com/baomidou/mybatisplus/core/metadata/TableFieldInfo done
Event: 13.930 loading class org/apache/ibatis/scripting/xmltags/SetSqlNode
Event: 13.930 loading class org/apache/ibatis/scripting/xmltags/SetSqlNode done


Dynamic libraries:
0x00007ff6432f0000 - 0x00007ff643337000 	C:\Program Files\Java\jdk1.8.0_291\bin\java.exe
0x00007fffdac50000 - 0x00007fffdae64000 	C:\WINDOWS\SYSTEM32\ntdll.dll
0x00007fffd9f00000 - 0x00007fffd9fc2000 	C:\WINDOWS\System32\KERNEL32.DLL
0x00007fffd8590000 - 0x00007fffd892d000 	C:\WINDOWS\System32\KERNELBASE.dll
0x00007fffd9070000 - 0x00007fffd911e000 	C:\WINDOWS\System32\ADVAPI32.dll
0x00007fffdab60000 - 0x00007fffdac07000 	C:\WINDOWS\System32\msvcrt.dll
0x00007fffda4f0000 - 0x00007fffda594000 	C:\WINDOWS\System32\sechost.dll
0x00007fffda090000 - 0x00007fffda1a5000 	C:\WINDOWS\System32\RPCRT4.dll
0x00007fffda810000 - 0x00007fffda9ba000 	C:\WINDOWS\System32\USER32.dll
0x00007fffd82b0000 - 0x00007fffd82d6000 	C:\WINDOWS\System32\win32u.dll
0x00007fffd9170000 - 0x00007fffd9199000 	C:\WINDOWS\System32\GDI32.dll
0x00007fffd82e0000 - 0x00007fffd83f2000 	C:\WINDOWS\System32\gdi32full.dll
0x00007fffd8930000 - 0x00007fffd89ca000 	C:\WINDOWS\System32\msvcp_win.dll
0x00007fffd8400000 - 0x00007fffd8511000 	C:\WINDOWS\System32\ucrtbase.dll
0x00007fffbcc00000 - 0x00007fffbce8e000 	C:\WINDOWS\WinSxS\amd64_microsoft.windows.common-controls_6595b64144ccf1df_6.0.22621.436_none_a94247dbc10d8414\COMCTL32.dll
0x00007fffd9130000 - 0x00007fffd9162000 	C:\WINDOWS\System32\IMM32.DLL
0x00007fffa2760000 - 0x00007fffa2775000 	C:\Program Files\Java\jdk1.8.0_291\jre\bin\vcruntime140.dll
0x00007fff6a420000 - 0x00007fff6a4bb000 	C:\Program Files\Java\jdk1.8.0_291\jre\bin\msvcp140.dll
0x000000006a8e0000 - 0x000000006b140000 	C:\Program Files\Java\jdk1.8.0_291\jre\bin\server\jvm.dll
0x00007fffd9df0000 - 0x00007fffd9df8000 	C:\WINDOWS\System32\PSAPI.DLL
0x00007fffd04a0000 - 0x00007fffd04d4000 	C:\WINDOWS\SYSTEM32\WINMM.dll
0x00007fffd04e0000 - 0x00007fffd04ea000 	C:\WINDOWS\SYSTEM32\VERSION.dll
0x00007fffc2230000 - 0x00007fffc2239000 	C:\WINDOWS\SYSTEM32\WSOCK32.dll
0x00007fffda1b0000 - 0x00007fffda221000 	C:\WINDOWS\System32\WS2_32.dll
0x00007fffd70f0000 - 0x00007fffd7108000 	C:\WINDOWS\SYSTEM32\kernel.appcore.dll
0x00007fffbec20000 - 0x00007fffbec30000 	C:\Program Files\Java\jdk1.8.0_291\jre\bin\verify.dll
0x00007fff9b360000 - 0x00007fff9b38b000 	C:\Program Files\Java\jdk1.8.0_291\jre\bin\java.dll
0x00007fffc1960000 - 0x00007fffc19ad000 	C:\Users\DELL\.IntelliJIdea2019.3\config\plugins\jr-ide-idea\lib\jrebel6\lib\jrebel64.dll
0x00007fffd95b0000 - 0x00007fffd9d90000 	C:\WINDOWS\System32\SHELL32.dll
0x00007fffd77b0000 - 0x00007fffd77bc000 	C:\WINDOWS\SYSTEM32\CRYPTBASE.DLL
0x00007fffda230000 - 0x00007fffda321000 	C:\WINDOWS\System32\shcore.dll
0x00007fffc7760000 - 0x00007fffc7790000 	C:\Program Files\Java\jdk1.8.0_291\jre\bin\instrument.dll
0x00007fffa2680000 - 0x00007fffa2698000 	C:\Program Files\Java\jdk1.8.0_291\jre\bin\zip.dll
0x00007fffd60c0000 - 0x00007fffd6985000 	C:\WINDOWS\SYSTEM32\windows.storage.dll
0x00007fffd9200000 - 0x00007fffd958a000 	C:\WINDOWS\System32\combase.dll
0x00007fffd5f80000 - 0x00007fffd60be000 	C:\WINDOWS\SYSTEM32\wintypes.dll
0x00007fffd91a0000 - 0x00007fffd91fe000 	C:\WINDOWS\System32\shlwapi.dll
0x00007fffd7fb0000 - 0x00007fffd7fd1000 	C:\WINDOWS\SYSTEM32\profapi.dll
0x00007fffce070000 - 0x00007fffce07d000 	C:\Program Files\Java\jdk1.8.0_291\jre\bin\management.dll
0x00007fffa24e0000 - 0x00007fffa24fc000 	C:\Program Files\Java\jdk1.8.0_291\jre\bin\net.dll
0x00007fffd7550000 - 0x00007fffd75b9000 	C:\WINDOWS\system32\mswsock.dll
0x00007fffa1af0000 - 0x00007fffa1b03000 	C:\Program Files\Java\jdk1.8.0_291\jre\bin\nio.dll
0x00007fffc2460000 - 0x00007fffc2484000 	C:\Program Files\Java\jdk1.8.0_291\jre\bin\sunec.dll
0x00007fffc3ce0000 - 0x00007fffc3cfb000 	C:\Users\DELL\.jrebel\jrebel-temp\ver-748e4462\IdeaWin64.dll
0x00007fffc8d10000 - 0x00007fffc8d1d000 	C:\Program Files\Java\jdk1.8.0_291\jre\bin\sunmscapi.dll
0x00007fffd8080000 - 0x00007fffd81e6000 	C:\WINDOWS\System32\CRYPT32.dll
0x00007fffd7900000 - 0x00007fffd792d000 	C:\WINDOWS\SYSTEM32\ncrypt.dll
0x00007fffd78c0000 - 0x00007fffd78f7000 	C:\WINDOWS\SYSTEM32\NTASN1.dll
0x00007fffd6be0000 - 0x00007fffd6c0d000 	C:\WINDOWS\SYSTEM32\IPHLPAPI.DLL
0x00007fffd9ef0000 - 0x00007fffd9ef9000 	C:\WINDOWS\System32\NSI.dll
0x00007fffd0d30000 - 0x00007fffd0d49000 	C:\WINDOWS\SYSTEM32\dhcpcsvc6.DLL
0x00007fffd07d0000 - 0x00007fffd07ef000 	C:\WINDOWS\SYSTEM32\dhcpcsvc.DLL
0x00007fffd6c50000 - 0x00007fffd6d42000 	C:\WINDOWS\SYSTEM32\DNSAPI.dll
0x00007fffd7790000 - 0x00007fffd77ab000 	C:\WINDOWS\SYSTEM32\CRYPTSP.dll
0x00007fffd7060000 - 0x00007fffd7095000 	C:\WINDOWS\system32\rsaenh.dll
0x00007fffd7640000 - 0x00007fffd7668000 	C:\WINDOWS\SYSTEM32\USERENV.dll
0x00007fffd7930000 - 0x00007fffd7958000 	C:\WINDOWS\SYSTEM32\bcrypt.dll
0x00007fffd89d0000 - 0x00007fffd8a4b000 	C:\WINDOWS\System32\bcryptprimitives.dll
0x00007fffa53a0000 - 0x00007fffa54ad000 	C:\WINDOWS\SysWOW64\ierd_tgp_lsp64.dll
0x00007fffda9c0000 - 0x00007fffdab5c000 	C:\WINDOWS\System32\ole32.dll
0x00007fffc50e0000 - 0x00007fffc50ea000 	C:\Windows\System32\rasadhlp.dll
0x00007fffcf290000 - 0x00007fffcf313000 	C:\WINDOWS\System32\fwpuclnt.dll
0x00007fffc2520000 - 0x00007fffc253a000 	E:\ideajava\IntelliJ IDEA 2019.3.3\bin\breakgen64.dll
0x00007fffb9580000 - 0x00007fffb9597000 	C:\WINDOWS\system32\napinsp.dll
0x00007fffb8eb0000 - 0x00007fffb8ecb000 	C:\WINDOWS\system32\pnrpnsp.dll
0x00007fffb8e90000 - 0x00007fffb8ea1000 	C:\WINDOWS\System32\winrnr.dll
0x00007fffcfb00000 - 0x00007fffcfb15000 	C:\WINDOWS\system32\wshbth.dll
0x00007fffbb7c0000 - 0x00007fffbb7e1000 	C:\WINDOWS\system32\nlansp_c.dll
0x0000000180000000 - 0x0000000180286000 	E:\ideajava\apache-tomcat-9.0.59\bin\tcnative-1.dll
0x00007fffd5bb0000 - 0x00007fffd5dde000 	C:\WINDOWS\SYSTEM32\dbghelp.dll
0x00007fffda5a0000 - 0x00007fffda677000 	C:\WINDOWS\System32\OLEAUT32.dll

VM Arguments:
jvm_args: -Dfile.encoding=UTF-8 -Drebel.base=C:\Users\DELL\.jrebel -Drebel.env.ide.plugin.version=2022.4.0 -Drebel.env.ide.version=2019.3.3 -Drebel.env.ide.product=IU -Drebel.env.ide=intellij -Drebel.notification.url=http://localhost:17434 -agentpath:C:\Users\DELL\.IntelliJIdea2019.3\config\plugins\jr-ide-idea\lib\jrebel6\lib\jrebel64.dll -XX:TieredStopAtLevel=1 -Xverify:none -Dspring.output.ansi.enabled=always -Dcom.sun.management.jmxremote -Dspring.jmx.enabled=true -Dspring.liveBeansView.mbeanDomain -Dspring.application.admin.enabled=true -javaagent:E:\ideajava\IntelliJ IDEA 2019.3.3\lib\idea_rt.jar=51448:E:\ideajava\IntelliJ IDEA 2019.3.3\bin -Dfile.encoding=UTF-8 
java_command: com.iaeep.IaeepApplication
java_class_path (initial): C:\Program Files\Java\jdk1.8.0_291\jre\lib\charsets.jar;C:\Program Files\Java\jdk1.8.0_291\jre\lib\deploy.jar;C:\Program Files\Java\jdk1.8.0_291\jre\lib\ext\access-bridge-64.jar;C:\Program Files\Java\jdk1.8.0_291\jre\lib\ext\cldrdata.jar;C:\Program Files\Java\jdk1.8.0_291\jre\lib\ext\dnsns.jar;C:\Program Files\Java\jdk1.8.0_291\jre\lib\ext\jaccess.jar;C:\Program Files\Java\jdk1.8.0_291\jre\lib\ext\jfxrt.jar;C:\Program Files\Java\jdk1.8.0_291\jre\lib\ext\localedata.jar;C:\Program Files\Java\jdk1.8.0_291\jre\lib\ext\nashorn.jar;C:\Program Files\Java\jdk1.8.0_291\jre\lib\ext\sunec.jar;C:\Program Files\Java\jdk1.8.0_291\jre\lib\ext\sunjce_provider.jar;C:\Program Files\Java\jdk1.8.0_291\jre\lib\ext\sunmscapi.jar;C:\Program Files\Java\jdk1.8.0_291\jre\lib\ext\sunpkcs11.jar;C:\Program Files\Java\jdk1.8.0_291\jre\lib\ext\zipfs.jar;C:\Program Files\Java\jdk1.8.0_291\jre\lib\javaws.jar;C:\Program Files\Java\jdk1.8.0_291\jre\lib\jce.jar;C:\Program Files\Java\jdk1.8.0_291\jre\lib\jfr.jar;C:\Program Files\Java\jdk1.8.0_291\jre\lib\jfxswt.jar;C:\Program Files\Java\jdk1.8.0_291\jre\lib\jsse.jar;C:\Program Files\Java\jdk1.8.0_291\jre\lib\management-agent.jar;C:\Program Files\Java\jdk1.8.0_291\jre\lib\plugin.jar;C:\Program Files\Java\jdk1.8.0_291\jre\lib\resources.jar;C:\Program Files\Java\jdk1.8.0_291\jre\lib\rt.jar;D:\IAEEP\target\classes;C:\java\mvn_resp\org\springframework\boot\spring-boot-starter\2.4.5\spring-boot-starter-2.4.5.jar;C:\java\mvn_resp\org\springframework\boot\spring-boot\2.4.5\spring-boot-2.4.5.jar;C:\java\mvn_resp\org\springframework\spring-context\5.3.6\spring-context-5.3.6.jar;C:\java\mvn_resp\org\springframework\boot\spring-boot-autoconfigure\2.4.5\spring-boot-autoconfigure-2.4.5.jar;C:\java\mvn_resp\org\springframework\boot\spring-boot-starter-logging\2.4.5\spring-boot-starter-logging-2.4.5.jar;C:\java\mvn_resp\ch\qos\logback\logback-classic\1.2.3\logback-classic-1.2.3.jar;C:\java\mvn_resp\ch\qos\logback\logback-core\1.2.3\logback
Launcher Type: SUN_STANDARD

Environment Variables:
JAVA_HOME=C:\Program Files\Java\jdk1.8.0_291
JAVA_TOOL_OPTIONS=-Dfile.encoding=UTF-8
PATH=E:\VMware\VMware Workstation\bin\;C:\Program Files (x86)\Common Files\Oracle\Java\javapath;C:\Program Files\Microsoft MPI\Bin\;C:\Windows\system32;C:\Windows;C:\Windows\System32\Wbem;C:\Windows\System32\WindowsPowerShell\v1.0\;C:\Windows\System32\OpenSSH\;C:\Program Files\NVIDIA Corporation\NVIDIA NvDLISR;C:\WINDOWS\system32;C:\WINDOWS;C:\WINDOWS\System32\Wbem;C:\WINDOWS\System32\WindowsPowerShell\v1.0\;C:\WINDOWS\System32\OpenSSH\;E:\SQL2019\SQL2019(x86)\150\Tools\Binn\;E:\SQL2019\150\Tools\Binn\;E:\SQL2019\150\DTS\Binn\;E:\SQL2019\Client SDK\ODBC\170\Tools\Binn\;C:\Program Files\Azure Data Studio\bin;C:\Program Files (x86)\CodeBlocks\MinGW\bin;C:\Program Files\Java\jdk1.8.0_291\bin;C:\Program Files\Java\jdk1.8.0_291\jre\bin;E:\ideajava\apache-tomcat-9.0.59\bin;E:\ideajava\apache-maven-3.8.5\bin;;C:\Program Files (x86)\NVIDIA Corporation\PhysX\Common;C:\WINDOWS\system32;C:\WINDOWS;C:\WINDOWS\System32\Wbem;C:\WINDOWS\System32\WindowsPowerShell\v1.0\;C:\WINDOWS\System32\OpenSSH\;D:\微信web开发者工具\dll;D:\nodejs\;D:\Program Files\Java\jdk-15\bin;C:\Users\DELL\AppData\Local\Microsoft\WindowsApps;C:\Program Files\Azure Data Studio\bin;E:\ideajava\IntelliJ IDEA 2019.3.3\bin;E:\PyCharm 2020.1\bin;C:\Users\DELL\AppData\Local\GitHubDesktop\bin;C:\Users\DELL\AppData\Roaming\npm
USERNAME=DELL
OS=Windows_NT
PROCESSOR_IDENTIFIER=Intel64 Family 6 Model 126 Stepping 5, GenuineIntel



---------------  S Y S T E M  ---------------

OS: Windows 10.0 , 64 bit Build 22621 (10.0.22621.746)

CPU:total 8 (initial active 8) (4 cores per cpu, 2 threads per core) family 6 model 126 stepping 5, cmov, cx8, fxsr, mmx, sse, sse2, sse3, ssse3, sse4.1, sse4.2, popcnt, avx, avx2, aes, clmul, erms, 3dnowpref, lzcnt, ht, tsc, tscinvbit, bmi1, bmi2, adx

Memory: 4k page, physical 8150356k(493212k free), swap 14441812k(460k free)

vm_info: Java HotSpot(TM) 64-Bit Server VM (25.291-b10) for windows-amd64 JRE (1.8.0_291-b10), built on Apr  9 2021 00:02:00 by "java_re" with MS VC++ 15.9 (VS2017)

time: Sat Oct 29 21:40:55 2022
timezone: 中国标准时间
elapsed time: 14.003821 seconds (0d 0h 0m 14s)

